2025-11-13 19:17:48,690 - INFO - [31m[1mWARNING: This is a development server. Do not use it in a production deployment. Use a production WSGI server instead.[0m
 * Running on http://127.0.0.1:5000
2025-11-13 19:17:48,690 - INFO - [33mPress CTRL+C to quit[0m
2025-11-13 19:17:48,692 - INFO -  * Restarting with stat
2025-11-13 19:17:49,132 - WARNING -  * Debugger is active!
2025-11-13 19:17:49,135 - INFO -  * Debugger PIN: 932-804-812
2025-11-13 19:22:26,613 - INFO -  * Detected change in 'C:\\Users\\HP\\Desktop\\yosif realestate bot\\app.py', reloading
2025-11-13 19:22:26,679 - INFO -  * Restarting with stat
2025-11-13 19:22:27,147 - WARNING -  * Debugger is active!
2025-11-13 19:22:27,151 - INFO -  * Debugger PIN: 932-804-812
2025-11-13 19:22:46,099 - INFO - [31m[1mWARNING: This is a development server. Do not use it in a production deployment. Use a production WSGI server instead.[0m
 * Running on http://127.0.0.1:5000
2025-11-13 19:22:46,100 - INFO - [33mPress CTRL+C to quit[0m
2025-11-13 19:22:46,102 - INFO -  * Restarting with stat
2025-11-13 19:22:46,530 - WARNING -  * Debugger is active!
2025-11-13 19:22:46,533 - INFO -  * Debugger PIN: 932-804-812
2025-11-13 19:23:29,769 - INFO - [31m[1mWARNING: This is a development server. Do not use it in a production deployment. Use a production WSGI server instead.[0m
 * Running on http://127.0.0.1:5000
2025-11-13 19:23:29,769 - INFO - [33mPress CTRL+C to quit[0m
2025-11-13 19:23:29,771 - INFO -  * Restarting with stat
2025-11-13 19:23:30,220 - WARNING -  * Debugger is active!
2025-11-13 19:23:30,223 - INFO -  * Debugger PIN: 932-804-812
2025-11-13 19:24:09,593 - INFO - [31m[1mWARNING: This is a development server. Do not use it in a production deployment. Use a production WSGI server instead.[0m
 * Running on http://127.0.0.1:5000
2025-11-13 19:24:09,593 - INFO - [33mPress CTRL+C to quit[0m
2025-11-13 19:24:09,595 - INFO -  * Restarting with stat
2025-11-13 19:24:10,034 - WARNING -  * Debugger is active!
2025-11-13 19:24:10,038 - INFO -  * Debugger PIN: 932-804-812
2025-11-13 19:24:51,244 - INFO - [31m[1mWARNING: This is a development server. Do not use it in a production deployment. Use a production WSGI server instead.[0m
 * Running on http://127.0.0.1:5000
2025-11-13 19:24:51,245 - INFO - [33mPress CTRL+C to quit[0m
2025-11-13 19:24:51,247 - INFO -  * Restarting with stat
2025-11-13 19:24:51,691 - WARNING -  * Debugger is active!
2025-11-13 19:24:51,694 - INFO -  * Debugger PIN: 932-804-812
2025-11-13 19:25:58,036 - INFO - [31m[1mWARNING: This is a development server. Do not use it in a production deployment. Use a production WSGI server instead.[0m
 * Running on http://127.0.0.1:5000
2025-11-13 19:25:58,036 - INFO - [33mPress CTRL+C to quit[0m
2025-11-13 19:25:58,039 - INFO -  * Restarting with stat
2025-11-13 19:25:58,469 - WARNING -  * Debugger is active!
2025-11-13 19:25:58,472 - INFO -  * Debugger PIN: 932-804-812
